生成启动时间为 2019/10/9 10:48:50。
     1>项目“E:\project of ruixin\768\DefectSegmentation\DLL测试及制作\DLL高低阈值输出毫米数（2.2版本）\RxDefect\RxCeshi\RxCeshi\RxCeshi.vcxproj”在节点 2 上(Build 个目标)。
     1>ClCompile:
         D:\Installation program\vs2013\VC\bin\CL.exe /c /Zi /nologo /W3 /WX- /sdl /O2 /Oi /Oy- /GL /D _MBCS /Gm- /EHsc /MD /GS /Gy /fp:precise /Zc:wchar_t /Zc:forScope /Fo"Release\\" /Fd"Release\vc120.pdb" /Gd /TP /analyze- /errorReport:prompt main.cpp
         main.cpp
     1>C:\1\opencv\build\include\opencv2/core/mat.hpp(1965): warning C4819: 该文件包含不能在当前代码页(936)中表示的字符。请将该文件保存为 Unicode 格式以防止数据丢失
     1>C:\1\opencv\build\include\opencv2/core/persistence.hpp : warning C4819: 该文件包含不能在当前代码页(936)中表示的字符。请将该文件保存为 Unicode 格式以防止数据丢失
     1>C:\1\opencv\build\include\opencv2/core/utility.hpp : warning C4819: 该文件包含不能在当前代码页(936)中表示的字符。请将该文件保存为 Unicode 格式以防止数据丢失
     1>main.cpp(57): warning C4018: “<”: 有符号/无符号不匹配
     1>main.cpp(63): warning C4018: “<”: 有符号/无符号不匹配
     1>main.cpp(85): warning C4018: “<”: 有符号/无符号不匹配
     1>main.cpp(94): warning C4018: “<”: 有符号/无符号不匹配
     1>main.cpp(97): warning C4018: “<”: 有符号/无符号不匹配
       Link:
         D:\Installation program\vs2013\VC\bin\link.exe /ERRORREPORT:PROMPT /OUT:"E:\project of ruixin\768\DefectSegmentation\DLL测试及制作\DLL高低阈值输出毫米数（2.2版本）\RxDefect\RxCeshi\Release\RxCeshi.exe" /NOLOGO RxDefect.lib opencv_world300.lib kernel32.lib user32.lib gdi32.lib winspool.lib comdlg32.lib advapi32.lib shell32.lib ole32.lib oleaut32.lib uuid.lib odbc32.lib odbccp32.lib /MANIFEST /MANIFESTUAC:"level='asInvoker' uiAccess='false'" /manifest:embed /DEBUG /PDB:"E:\project of ruixin\768\DefectSegmentation\DLL测试及制作\DLL高低阈值输出毫米数（2.2版本）\RxDefect\RxCeshi\Release\RxCeshi.pdb" /OPT:REF /OPT:ICF /LTCG /TLBID:1 /DYNAMICBASE /NXCOMPAT /IMPLIB:"E:\project of ruixin\768\DefectSegmentation\DLL测试及制作\DLL高低阈值输出毫米数（2.2版本）\RxDefect\RxCeshi\Release\RxCeshi.lib" /MACHINE:X86 /SAFESEH Release\main.obj
         正在生成代码
     1>e:\project of ruixin\768\defectsegmentation\dll测试及制作\dll高低阈值输出毫米数（2.2版本）\rxdefect\rxceshi\rxceshi\main.cpp(104): warning C4715: “matToUchar”: 不是所有的控件路径都返回值
         已完成代码的生成
         RxCeshi.vcxproj -> E:\project of ruixin\768\DefectSegmentation\DLL测试及制作\DLL高低阈值输出毫米数（2.2版本）\RxDefect\RxCeshi\Release\RxCeshi.exe
     1>已完成生成项目“E:\project of ruixin\768\DefectSegmentation\DLL测试及制作\DLL高低阈值输出毫米数（2.2版本）\RxDefect\RxCeshi\RxCeshi\RxCeshi.vcxproj”(Build 个目标)的操作。

生成成功。

已用时间 00:00:10.55
