生成启动时间为 2019/10/8 22:52:25。
     1>项目“E:\project of ruixin\768\DefectSegmentation\DLL测试及制作\DLL高低阈值输出毫米数（2.2版本）\RxDefect\RxDefect\RxDefect\RxDefect.vcxproj”在节点 2 上(Build 个目标)。
     1>ClCompile:
         D:\Installation program\vs2013\VC\bin\CL.exe /c /ZI /nologo /W3 /WX- /sdl /Od /Oy- /D _MBCS /Gm /EHsc /RTC1 /MDd /GS /fp:precise /Zc:wchar_t /Zc:forScope /Fo"Debug\\" /Fd"Debug\vc120.pdb" /Gd /TP /analyze- /errorReport:prompt RxDefect.cpp
         RxDefect.cpp
     1>c:\1\opencv\build\include\opencv2\core\mat.hpp(1965): warning C4819: 该文件包含不能在当前代码页(936)中表示的字符。请将该文件保存为 Unicode 格式以防止数据丢失
     1>c:\1\opencv\build\include\opencv2\core\persistence.hpp : warning C4819: 该文件包含不能在当前代码页(936)中表示的字符。请将该文件保存为 Unicode 格式以防止数据丢失
     1>c:\1\opencv\build\include\opencv2\core\utility.hpp : warning C4819: 该文件包含不能在当前代码页(936)中表示的字符。请将该文件保存为 Unicode 格式以防止数据丢失
     1>e:\project of ruixin\768\defectsegmentation\dll测试及制作\dll高低阈值输出毫米数（2.2版本）\rxdefect\rxdefect\rxdefect\rxdefect.cpp(21): warning C4018: “<”: 有符号/无符号不匹配
     1>e:\project of ruixin\768\defectsegmentation\dll测试及制作\dll高低阈值输出毫米数（2.2版本）\rxdefect\rxdefect\rxdefect\rxdefect.cpp(30): warning C4018: “<”: 有符号/无符号不匹配
     1>e:\project of ruixin\768\defectsegmentation\dll测试及制作\dll高低阈值输出毫米数（2.2版本）\rxdefect\rxdefect\rxdefect\rxdefect.cpp(33): warning C4018: “<”: 有符号/无符号不匹配
     1>e:\project of ruixin\768\defectsegmentation\dll测试及制作\dll高低阈值输出毫米数（2.2版本）\rxdefect\rxdefect\rxdefect\rxdefect.cpp(292): warning C4244: “=”: 从“double”转换到“unsigned int”，可能丢失数据
     1>e:\project of ruixin\768\defectsegmentation\dll测试及制作\dll高低阈值输出毫米数（2.2版本）\rxdefect\rxdefect\rxdefect\rxdefect.cpp(293): warning C4244: “=”: 从“double”转换到“unsigned int”，可能丢失数据
     1>e:\project of ruixin\768\defectsegmentation\dll测试及制作\dll高低阈值输出毫米数（2.2版本）\rxdefect\rxdefect\rxdefect\rxdefect.cpp(300): warning C4244: “=”: 从“double”转换到“unsigned int”，可能丢失数据
     1>e:\project of ruixin\768\defectsegmentation\dll测试及制作\dll高低阈值输出毫米数（2.2版本）\rxdefect\rxdefect\rxdefect\rxdefect.cpp(301): warning C4244: “=”: 从“double”转换到“unsigned int”，可能丢失数据
     1>e:\project of ruixin\768\defectsegmentation\dll测试及制作\dll高低阈值输出毫米数（2.2版本）\rxdefect\rxdefect\rxdefect\rxdefect.cpp(310): warning C4244: “=”: 从“double”转换到“unsigned int”，可能丢失数据
     1>e:\project of ruixin\768\defectsegmentation\dll测试及制作\dll高低阈值输出毫米数（2.2版本）\rxdefect\rxdefect\rxdefect\rxdefect.cpp(311): warning C4244: “=”: 从“double”转换到“unsigned int”，可能丢失数据
     1>e:\project of ruixin\768\defectsegmentation\dll测试及制作\dll高低阈值输出毫米数（2.2版本）\rxdefect\rxdefect\rxdefect\rxdefect.cpp(320): warning C4244: “=”: 从“double”转换到“unsigned int”，可能丢失数据
     1>e:\project of ruixin\768\defectsegmentation\dll测试及制作\dll高低阈值输出毫米数（2.2版本）\rxdefect\rxdefect\rxdefect\rxdefect.cpp(321): warning C4244: “=”: 从“double”转换到“unsigned int”，可能丢失数据
     1>e:\project of ruixin\768\defectsegmentation\dll测试及制作\dll高低阈值输出毫米数（2.2版本）\rxdefect\rxdefect\rxdefect\rxdefect.cpp(40): warning C4715: “ucharToMat”: 不是所有的控件路径都返回值
       Link:
         D:\Installation program\vs2013\VC\bin\link.exe /ERRORREPORT:PROMPT /OUT:"E:\project of ruixin\768\DefectSegmentation\DLL测试及制作\DLL高低阈值输出毫米数（2.2版本）\RxDefect\RxDefect\Debug\RxDefect.exe" /INCREMENTAL /NOLOGO opencv_world300.lib kernel32.lib user32.lib gdi32.lib winspool.lib comdlg32.lib advapi32.lib shell32.lib ole32.lib oleaut32.lib uuid.lib odbc32.lib odbccp32.lib /DEF:"RxDefect.def" /MANIFEST /MANIFESTUAC:"level='asInvoker' uiAccess='false'" /manifest:embed /DEBUG /PDB:"E:\project of ruixin\768\DefectSegmentation\DLL测试及制作\DLL高低阈值输出毫米数（2.2版本）\RxDefect\RxDefect\Debug\RxDefect.pdb" /TLBID:1 /DYNAMICBASE /NXCOMPAT /IMPLIB:"E:\project of ruixin\768\DefectSegmentation\DLL测试及制作\DLL高低阈值输出毫米数（2.2版本）\RxDefect\RxDefect\Debug\RxDefect.lib" /MACHINE:X86 Debug\RxDefect.obj
            正在创建库 E:\project of ruixin\768\DefectSegmentation\DLL测试及制作\DLL高低阈值输出毫米数（2.2版本）\RxDefect\RxDefect\Debug\RxDefect.lib 和对象 E:\project of ruixin\768\DefectSegmentation\DLL测试及制作\DLL高低阈值输出毫米数（2.2版本）\RxDefect\RxDefect\Debug\RxDefect.exp
     1>RxDefect.exp : warning LNK4070: .EXP 中的 /OUT:RxDefect.dll 指令与输出文件名“E:\project of ruixin\768\DefectSegmentation\DLL测试及制作\DLL高低阈值输出毫米数（2.2版本）\RxDefect\RxDefect\Debug\RxDefect.exe”不同；忽略指令
         RxDefect.vcxproj -> E:\project of ruixin\768\DefectSegmentation\DLL测试及制作\DLL高低阈值输出毫米数（2.2版本）\RxDefect\RxDefect\Debug\RxDefect.exe
     1>已完成生成项目“E:\project of ruixin\768\DefectSegmentation\DLL测试及制作\DLL高低阈值输出毫米数（2.2版本）\RxDefect\RxDefect\RxDefect\RxDefect.vcxproj”(Build 个目标)的操作。

生成成功。

已用时间 00:00:18.21
